生成启动时间为 2017/9/16 15:08:28。
     1>项目“D:\Opemncn\det222\det222\det222.vcxproj”在节点 2 上(Rebuild 个目标)。
     1>ClCompile:
         D:\VS2013\VC\bin\CL.exe /c /ID:\Opemncn\opencv\build\include\opencv2 /ID:\Opemncn\opencv\build\include\opencv /ID:\Opemncn\opencv\build\include /ZI /nologo /W3 /WX- /sdl /Od /Oy- /D WIN32 /D _DEBUG /D _CONSOLE /D _LIB /D _UNICODE /D UNICODE /Gm /EHsc /RTC1 /MDd /GS /fp:precise /Zc:wchar_t /Zc:forScope /Yc"stdafx.h" /Fp"Debug\det222.pch" /Fo"Debug\\" /Fd"Debug\vc120.pdb" /Gd /TP /analyze- /errorReport:prompt stdafx.cpp
         stdafx.cpp
         D:\VS2013\VC\bin\CL.exe /c /ID:\Opemncn\opencv\build\include\opencv2 /ID:\Opemncn\opencv\build\include\opencv /ID:\Opemncn\opencv\build\include /ZI /nologo /W3 /WX- /sdl /Od /Oy- /D WIN32 /D _DEBUG /D _CONSOLE /D _LIB /D _UNICODE /D UNICODE /Gm /EHsc /RTC1 /MDd /GS /fp:precise /Zc:wchar_t /Zc:forScope /Yu"stdafx.h" /Fp"Debug\det222.pch" /Fo"Debug\\" /Fd"Debug\vc120.pdb" /Gd /TP /analyze- /errorReport:prompt det222.cpp
         det222.cpp
     1>d:\opemncn\opencv\build\include\opencv2\core\mat.hpp(1965): warning C4819: 该文件包含不能在当前代码页(936)中表示的字符。请将该文件保存为 Unicode 格式以防止数据丢失
     1>d:\opemncn\opencv\build\include\opencv2\core\persistence.hpp : warning C4819: 该文件包含不能在当前代码页(936)中表示的字符。请将该文件保存为 Unicode 格式以防止数据丢失
     1>d:\opemncn\opencv\build\include\opencv2\core\utility.hpp : warning C4819: 该文件包含不能在当前代码页(936)中表示的字符。请将该文件保存为 Unicode 格式以防止数据丢失
     1>d:\opemncn\det222\det222\det222.cpp(121): warning C4800: “BOOL”: 将值强制为布尔值“true”或“false”(性能警告)
     1>d:\opemncn\det222\det222\det222.cpp(128): warning C4800: “BOOL”: 将值强制为布尔值“true”或“false”(性能警告)
     1>d:\opemncn\det222\det222\det222.cpp(137): warning C4800: “BOOL”: 将值强制为布尔值“true”或“false”(性能警告)
     1>d:\opemncn\det222\det222\det222.cpp(163): warning C4129: “O”: 不可识别的字符转义序列
     1>d:\opemncn\det222\det222\det222.cpp(266): warning C4018: “<”: 有符号/无符号不匹配
       Link:
         D:\VS2013\VC\bin\link.exe /ERRORREPORT:PROMPT /OUT:"D:\Opemncn\det222\Debug\det222.exe" /INCREMENTAL /NOLOGO /LIBPATH:D:\Opemncn\opencv\build\x86\vc12\lib opencv_ts300d.lib opencv_world300d.lib kernel32.lib user32.lib gdi32.lib winspool.lib comdlg32.lib advapi32.lib shell32.lib ole32.lib oleaut32.lib uuid.lib odbc32.lib odbccp32.lib /MANIFEST /MANIFESTUAC:"level='asInvoker' uiAccess='false'" /manifest:embed /DEBUG /PDB:"D:\Opemncn\det222\Debug\det222.pdb" /SUBSYSTEM:CONSOLE /TLBID:1 /DYNAMICBASE /NXCOMPAT /IMPLIB:"D:\Opemncn\det222\Debug\det222.lib" /MACHINE:X86 Debug\det222.obj
         Debug\stdafx.obj
         det222.vcxproj -> D:\Opemncn\det222\Debug\det222.exe
     1>已完成生成项目“D:\Opemncn\det222\det222\det222.vcxproj”(Rebuild 个目标)的操作。

生成成功。

已用时间 00:00:02.15
